[0mGET / [36m304[0m 77.853 ms - -[0m
[0mGET /favicon.ico [32m200[0m 4.912 ms - 1803[0m
[0mGET /all-articles [36m304[0m 41.609 ms - -[0m
[0mGET /favicon.ico [36m304[0m 5.828 ms - -[0m
[0mGET /all-articles [36m304[0m 68.051 ms - -[0m
[0mGET /favicon.ico [32m200[0m 6.296 ms - 1803[0m
[0mGET /all-articles [36m304[0m 38.735 ms - -[0m
[0mGET /favicon.ico [32m200[0m 3.861 ms - 1803[0m
[0mGET /all-articles [36m304[0m 41.039 ms - -[0m
[0mGET /favicon.ico [32m200[0m 4.048 ms - 1803[0m
[0mGET /all-articles [36m304[0m 41.167 ms - -[0m
[0mGET /favicon.ico [32m200[0m 3.033 ms - 1803[0m
[0mGET /all-articles [36m304[0m 40.531 ms - -[0m
[0mGET /favicon.ico [32m200[0m 3.092 ms - 1803[0m
[0mGET /all-articles [36m304[0m 38.572 ms - -[0m
[0mGET /favicon.ico [32m200[0m 2.601 ms - 1803[0m
[0mGET /all-articles [32m200[0m 42.977 ms - 1938[0m
[0mGET /favicon.ico [32m200[0m 7.686 ms - 1803[0m
[0mGET /all-articles [36m304[0m 37.443 ms - -[0m
[0mGET /favicon.ico [36m304[0m 2.496 ms - -[0m
[0mGET / [36m304[0m 40.288 ms - -[0m
[0mGET /favicon.ico [36m304[0m 2.360 ms - -[0m
[0mGET /all-articles [36m304[0m 38.421 ms - -[0m
[0mGET /favicon.ico [36m304[0m 2.272 ms - -[0m
[0mGET /all-articles [32m200[0m 40.280 ms - 1934[0m
[0mGET /favicon.ico [32m200[0m 3.206 ms - 1799[0m
[0mGET /all-articles [36m304[0m 36.106 ms - -[0m
[0mGET /favicon.ico [32m200[0m 2.384 ms - 1799[0m
[0mGET /all-articles [36m304[0m 42.673 ms - -[0m
[0mGET /favicon.ico [32m200[0m 4.533 ms - 1799[0m
[0mGET /all-articles [36m304[0m 42.142 ms - -[0m
[0mGET /favicon.ico [32m200[0m 3.059 ms - 1799[0m
[0mGET /all-articles [32m200[0m 40.113 ms - 1938[0m
[0mGET /favicon.ico [32m200[0m 2.207 ms - 1803[0m
[0mGET /all-articles [36m304[0m 39.377 ms - -[0m
[0mGET /favicon.ico [32m200[0m 3.716 ms - 1803[0m
[0mGET /all-articles [32m200[0m 37.987 ms - 1943[0m
[0mGET /favicon.ico [32m200[0m 3.841 ms - 1808[0m
[0mGET /all-articles [32m200[0m 39.510 ms - 1948[0m
[0mGET /favicon.ico [32m200[0m 2.760 ms - 1813[0m
[0mGET /all-articles [36m304[0m 41.460 ms - -[0m
[0mGET /favicon.ico [32m200[0m 3.571 ms - 1813[0m
[0mGET /all-articles [36m304[0m 40.651 ms - -[0m
[0mGET /favicon.ico [32m200[0m 3.047 ms - 1813[0m
[0mGET /all-articles [36m304[0m 38.776 ms - -[0m
[0mGET /favicon.ico [32m200[0m 3.790 ms - 1813[0m
[0mGET /all-articles [36m304[0m 42.563 ms - -[0m
[0mGET /favicon.ico [32m200[0m 2.760 ms - 1813[0m
[0mGET /all-articles [36m304[0m 37.455 ms - -[0m
[0mGET /favicon.ico [32m200[0m 3.036 ms - 1813[0m
[0mGET /all-articles [36m304[0m 36.967 ms - -[0m
[0mGET /favicon.ico [32m200[0m 2.309 ms - 1813[0m
[0mGET /all-articles [36m304[0m 41.606 ms - -[0m
[0mGET /favicon.ico [32m200[0m 5.051 ms - 1813[0m
[0mGET /all-articles [36m304[0m 36.557 ms - -[0m
[0mGET /favicon.ico [32m200[0m 2.175 ms - 1813[0m
[0mGET /all-articles [36m304[0m 35.573 ms - -[0m
[0mGET /favicon.ico [32m200[0m 2.162 ms - 1813[0m
[0mGET /all-articles [36m304[0m 36.858 ms - -[0m
[0mGET /favicon.ico [32m200[0m 2.572 ms - 1813[0m
[0mGET /all-articles [32m200[0m 35.794 ms - 1938[0m
[0mGET /favicon.ico [32m200[0m 2.808 ms - 1803[0m
[0mGET /all-articles [32m200[0m 37.673 ms - 1933[0m
[0mGET /favicon.ico [32m200[0m 3.955 ms - 1798[0m
[0mGET /all-articles [36m304[0m 38.571 ms - -[0m
[0mGET /favicon.ico [32m200[0m 2.616 ms - 1798[0m
[0mGET /all-articles [32m200[0m 38.429 ms - 1938[0m
[0mGET /favicon.ico [32m200[0m 2.853 ms - 1803[0m
[0mGET /all-articles [32m200[0m 36.185 ms - 1943[0m
[0mGET /favicon.ico [32m200[0m 2.963 ms - 1808[0m
[0mGET /all-articles [32m200[0m 39.185 ms - 1951[0m
[0mGET /favicon.ico [32m200[0m 3.170 ms - 1816[0m
[0mGET /all-articles [32m200[0m 36.495 ms - 1946[0m
[0mGET /favicon.ico [32m200[0m 2.579 ms - 1811[0m
[0mGET /all-articles [32m200[0m 42.660 ms - 1954[0m
[0mGET /favicon.ico [32m200[0m 2.294 ms - 1819[0m
[0mGET /all-articles [36m304[0m 38.240 ms - -[0m
[0mGET /favicon.ico [32m200[0m 2.504 ms - 1819[0m
[0mGET /all-articles [32m200[0m 36.644 ms - 1946[0m
[0mGET /favicon.ico [32m200[0m 2.803 ms - 1811[0m
[0mGET /all-articles [32m200[0m 35.762 ms - 1928[0m
[0mGET /favicon.ico [32m200[0m 2.458 ms - 1793[0m
[0mGET /all-articles [32m200[0m 38.258 ms - 1911[0m
[0mGET /favicon.ico [32m200[0m 2.897 ms - 1776[0m
[0mGET /all-articles [32m200[0m 35.971 ms - 1916[0m
[0mGET /favicon.ico [32m200[0m 2.671 ms - 1781[0m
[0mGET /all-articles [32m200[0m 42.035 ms - 1917[0m
[0mGET /favicon.ico [32m200[0m 3.092 ms - 1782[0m
[0mGET /all-articles [32m200[0m 38.941 ms - 1928[0m
[0mGET /favicon.ico [32m200[0m 2.902 ms - 1793[0m
[0mGET /all-articles [32m200[0m 38.883 ms - 1932[0m
[0mGET /favicon.ico [32m200[0m 3.301 ms - 1797[0m
[0mGET /all-articles [36m304[0m 35.324 ms - -[0m
[0mGET /favicon.ico [32m200[0m 3.754 ms - 1797[0m
[0mGET /all-articles [32m200[0m 36.828 ms - 1936[0m
[0mGET /favicon.ico [32m200[0m 3.483 ms - 1801[0m
[0mGET /all-articles [32m200[0m 38.804 ms - 1944[0m
[0mGET /favicon.ico [32m200[0m 2.798 ms - 1809[0m
[0mGET /all-articles [32m200[0m 42.704 ms - 1936[0m
[0mGET /favicon.ico [32m200[0m 3.290 ms - 1801[0m
[0mGET /all-articles [32m200[0m 38.654 ms - 1940[0m
[0mGET /favicon.ico [32m200[0m 2.417 ms - 1805[0m
[0mGET /all-articles [36m304[0m 40.871 ms - -[0m
[0mGET /favicon.ico [32m200[0m 3.260 ms - 1805[0m
[0mGET /all-articles [36m304[0m 36.133 ms - -[0m
[0mGET /favicon.ico [32m200[0m 2.121 ms - 1805[0m
[0mGET /all-articles [32m200[0m 36.117 ms - 1954[0m
[0mGET /favicon.ico [32m200[0m 3.119 ms - 1819[0m
[0mGET /all-articles [32m200[0m 40.356 ms - 1961[0m
[0mGET /favicon.ico [32m200[0m 6.172 ms - 1826[0m
[0mGET /all-articles [36m304[0m 37.088 ms - -[0m
[0mGET /favicon.ico [32m200[0m 2.096 ms - 1826[0m
[0mGET /all-articles [36m304[0m 40.622 ms - -[0m
[0mGET /favicon.ico [32m200[0m 3.168 ms - 1826[0m
[0mGET /all-articles [32m200[0m 36.534 ms - 1976[0m
[0mGET /favicon.ico [32m200[0m 3.657 ms - 1841[0m
[0mGET /all-articles [32m200[0m 38.189 ms - 1961[0m
[0mGET /favicon.ico [32m200[0m 3.629 ms - 1826[0m
[0mGET /all-articles [32m200[0m 36.869 ms - 1969[0m
[0mGET /favicon.ico [32m200[0m 3.571 ms - 1834[0m
[0mGET /all-articles [32m200[0m 38.381 ms - 1954[0m
[0mGET /favicon.ico [32m200[0m 7.199 ms - 1819[0m
[0mGET /all-articles [32m200[0m 41.543 ms - 1976[0m
[0mGET /favicon.ico [32m200[0m 2.950 ms - 1841[0m
[0mGET /all-articles [32m200[0m 40.411 ms - 1983[0m
[0mGET /favicon.ico [32m200[0m 4.025 ms - 1848[0m
[0mGET /all-articles [32m200[0m 41.773 ms - 1983[0m
[0mGET /favicon.ico [32m200[0m 3.039 ms - 1848[0m
[0mGET /all-articles [32m200[0m 36.836 ms - 1968[0m
[0mGET /favicon.ico [32m200[0m 2.593 ms - 1833[0m
[0mGET /all-articles [32m200[0m 36.668 ms - 1961[0m
[0mGET /favicon.ico [32m200[0m 3.043 ms - 1826[0m
[0mGET /all-articles [36m304[0m 36.923 ms - -[0m
[0mGET /favicon.ico [32m200[0m 2.522 ms - 1826[0m
[0mGET /all-articles [36m304[0m 35.540 ms - -[0m
[0mGET /favicon.ico [36m304[0m 4.672 ms - -[0m
[0mGET / [32m200[0m 40.645 ms - 2206[0m
[0mGET /favicon.ico [36m304[0m 2.507 ms - -[0m
[0mGET / [36m304[0m 38.925 ms - -[0m
[0mGET /favicon.ico [36m304[0m 2.778 ms - -[0m
[0mGET / [36m304[0m 36.057 ms - -[0m
[0mGET /favicon.ico [36m304[0m 2.234 ms - -[0m
[0mGET /all-articles [36m304[0m 38.590 ms - -[0m
[0mGET /favicon.ico [36m304[0m 2.310 ms - -[0m
[0mGET / [36m304[0m 38.047 ms - -[0m
[0mGET /favicon.ico [36m304[0m 3.050 ms - -[0m
[0mGET / [36m304[0m 72.590 ms - -[0m
[0mGET /favicon.ico [32m200[0m 5.898 ms - 1826[0m
[0mGET /all-articles [32m200[0m 42.420 ms - 1924[0m
[0mGET /favicon.ico [36m304[0m 5.883 ms - -[0m
[0mGET /all-articles [32m200[0m 43.887 ms - 1989[0m
[0mGET /favicon.ico [32m200[0m 4.970 ms - 1826[0m
[0mGET /all-articles [32m200[0m 45.126 ms - 1973[0m
[0mGET /favicon.ico [32m200[0m 6.147 ms - 1826[0m
[0mGET / [36m304[0m 43.551 ms - -[0m
[0mGET /favicon.ico [36m304[0m 5.430 ms - -[0m
[0mGET / [36m304[0m 38.813 ms - -[0m
[0mGET /favicon.ico [32m200[0m 3.852 ms - 1826[0m
[0mGET /all-articles [36m304[0m 41.459 ms - -[0m
[0mGET /favicon.ico [36m304[0m 4.089 ms - -[0m
[0mGET /all-articles [32m200[0m 43.323 ms - 1976[0m
[0mGET /favicon.ico [32m200[0m 3.550 ms - 1826[0m
[0mGET / [36m304[0m 43.756 ms - -[0m
[0mGET /favicon.ico [36m304[0m 2.848 ms - -[0m
[0mGET /all-articles [36m304[0m 43.204 ms - -[0m
[0mGET /favicon.ico [36m304[0m 2.337 ms - -[0m
[0mGET /create [36m302[0m 3.105 ms - 56[0m
[0mGET /login [32m200[0m 4.524 ms - 2494[0m
[0mGET /favicon.ico [36m304[0m 3.103 ms - -[0m
[0mPOST /login [36m302[0m 339.960 ms - 46[0m
[0mGET / [32m200[0m 75.729 ms - 2252[0m
[0mGET /favicon.ico [32m200[0m 36.526 ms - 1872[0m
[0mGET /create [32m200[0m 43.062 ms - 2710[0m
[0mGET /favicon.ico [36m304[0m 35.600 ms - -[0m
[0mPOST /create [36m302[0m 164.765 ms - 46[0m
[0mGET / [32m200[0m 71.951 ms - 2838[0m
[0mGET /favicon.ico [36m304[0m 36.187 ms - -[0m
[0mGET /create [32m200[0m 43.207 ms - 2710[0m
[0mGET /favicon.ico [36m304[0m 38.106 ms - -[0m
[0mPOST /create [36m302[0m 146.242 ms - 46[0m
[0mGET / [32m200[0m 77.644 ms - 3425[0m
[0mGET /favicon.ico [36m304[0m 39.891 ms - -[0m
[0mGET /create [32m200[0m 41.042 ms - 2710[0m
[0mGET /favicon.ico [36m304[0m 35.713 ms - -[0m
[0mPOST /create [32m200[0m 43.443 ms - 4380[0m
[0mGET /favicon.ico [36m304[0m 42.267 ms - -[0m
[0mPOST /create [36m302[0m 155.542 ms - 46[0m
[0mGET / [32m200[0m 71.793 ms - 4018[0m
[0mGET /favicon.ico [36m304[0m 39.262 ms - -[0m
[0mGET /create [32m200[0m 40.024 ms - 2710[0m
[0mGET /favicon.ico [36m304[0m 40.849 ms - -[0m
[0mPOST /create [36m302[0m 144.713 ms - 46[0m
[0mGET / [32m200[0m 75.363 ms - 3946[0m
[0mGET /favicon.ico [36m304[0m 38.617 ms - -[0m
[0mGET /create [32m200[0m 41.160 ms - 2710[0m
[0mGET /favicon.ico [36m304[0m 35.226 ms - -[0m
[0mPOST /create [36m302[0m 150.998 ms - 46[0m
[0mGET / [32m200[0m 75.863 ms - 3923[0m
[0mGET /favicon.ico [36m304[0m 39.278 ms - -[0m
[0mGET /create [32m200[0m 41.925 ms - 2710[0m
[0mGET /favicon.ico [36m304[0m 38.824 ms - -[0m
[0mPOST /create [36m302[0m 156.093 ms - 46[0m
[0mGET / [32m200[0m 71.763 ms - 3978[0m
[0mGET /favicon.ico [36m304[0m 39.461 ms - -[0m
[0mGET /article/Cascading%20Style%20Sheets%20(CSS) [32m200[0m 86.732 ms - 4350[0m
[0mGET /favicon.ico [36m304[0m 33.760 ms - -[0m
[0mGET /favicon.ico [36m304[0m 42.854 ms - -[0m
[0mGET /create [32m200[0m 39.779 ms - 2710[0m
[0mGET /favicon.ico [36m304[0m 41.649 ms - -[0m
[0mPOST /create [36m302[0m 144.446 ms - 46[0m
[0mGET / [32m200[0m 74.608 ms - 3981[0m
[0mGET /favicon.ico [36m304[0m 35.374 ms - -[0m
[0mGET /create [32m200[0m 39.718 ms - 2710[0m
[0mGET /favicon.ico [36m304[0m 34.758 ms - -[0m
[0mPOST /create [36m302[0m 146.656 ms - 46[0m
[0mGET / [32m200[0m 71.566 ms - 4042[0m
[0mGET /favicon.ico [36m304[0m 36.027 ms - -[0m
[0mGET /create [32m200[0m 41.636 ms - 2710[0m
[0mGET /favicon.ico [36m304[0m 38.952 ms - -[0m
[0mPOST /create [32m200[0m 40.251 ms - 5366[0m
[0mGET /favicon.ico [36m304[0m 41.989 ms - -[0m
[0mPOST /create [36m302[0m 162.223 ms - 46[0m
[0mGET / [32m200[0m 72.181 ms - 4025[0m
[0mGET /favicon.ico [36m304[0m 35.681 ms - -[0m
[0mGET /create [32m200[0m 39.638 ms - 2710[0m
[0mGET /favicon.ico [36m304[0m 36.115 ms - -[0m
[0mPOST /create [36m302[0m 149.444 ms - 46[0m
[0mGET / [32m200[0m 101.154 ms - 3964[0m
[0mGET /favicon.ico [36m304[0m 39.053 ms - -[0m
[0mGET /create [32m200[0m 44.509 ms - 2710[0m
[0mGET /favicon.ico [36m304[0m 37.075 ms - -[0m
[0mPOST /create [36m302[0m 138.684 ms - 46[0m
[0mGET / [32m200[0m 106.814 ms - 3989[0m
[0mGET /favicon.ico [36m304[0m 35.813 ms - -[0m
[0mGET /create [32m200[0m 42.234 ms - 2710[0m
[0mGET /favicon.ico [36m304[0m 41.177 ms - -[0m
[0mPOST /create [36m302[0m 154.958 ms - 46[0m
[0mGET / [32m200[0m 108.702 ms - 3980[0m
[0mGET /favicon.ico [36m304[0m 35.115 ms - -[0m
[0mGET /all-articles [32m200[0m 113.699 ms - 3383[0m
[0mGET /favicon.ico [36m304[0m 35.605 ms - -[0m
[0mGET /article/AngularJS [32m200[0m 91.814 ms - 3665[0m
[0mGET /favicon.ico [36m304[0m 34.100 ms - -[0m
[0mGET /logout [36m302[0m 74.678 ms - 46[0m
[0mGET / [32m200[0m 70.683 ms - 3867[0m
[0mGET /favicon.ico [32m200[0m 2.270 ms - 1826[0m
[0mGET /all-articles [32m200[0m 82.843 ms - 3337[0m
[0mGET /favicon.ico [36m304[0m 3.125 ms - -[0m
[0mGET /article/MongoDB [36m302[0m 0.903 ms - 56[0m
[0mGET /login [32m200[0m 4.253 ms - 2494[0m
[0mGET /favicon.ico [36m304[0m 2.849 ms - -[0m
[0mGET /all-articles [36m304[0m 79.681 ms - -[0m
[0mGET /favicon.ico [36m304[0m 2.252 ms - -[0m
[0mGET /all-articles [36m304[0m 107.701 ms - -[0m
[0mGET /favicon.ico [32m200[0m 4.909 ms - 1826[0m
[0mGET /article/AngularJS [32m200[0m 46.830 ms - 3350[0m
[0mGET /favicon.ico [36m304[0m 3.268 ms - -[0m
[0mGET /create [36m302[0m 2.910 ms - 56[0m
[0mGET /login [36m304[0m 8.035 ms - -[0m
[0mGET /favicon.ico [36m304[0m 3.634 ms - -[0m
[0mGET /all-articles [36m304[0m 91.516 ms - -[0m
[0mGET /favicon.ico [36m304[0m 5.502 ms - -[0m
[0mGET /article/Python [32m200[0m 47.281 ms - 3558[0m
[0mGET /favicon.ico [36m304[0m 2.709 ms - -[0m
[0mGET /register [32m200[0m 4.624 ms - 2737[0m
[0mGET /favicon.ico [36m304[0m 2.917 ms - -[0m
[0mGET /login [36m304[0m 3.801 ms - -[0m
[0mGET /favicon.ico [36m304[0m 4.124 ms - -[0m
[0mGET /create [36m302[0m 0.915 ms - 56[0m
[0mGET /login [36m304[0m 3.801 ms - -[0m
[0mGET /favicon.ico [36m304[0m 2.793 ms - -[0m
[0mGET /all-articles [36m304[0m 77.802 ms - -[0m
[0mGET /favicon.ico [36m304[0m 3.012 ms - -[0m
[0mGET / [36m304[0m 80.087 ms - -[0m
[0mGET /favicon.ico [36m304[0m 2.776 ms - -[0m
[0mGET / [36m304[0m 116.774 ms - -[0m
[0mGET /favicon.ico [36m304[0m 5.787 ms - -[0m
[0mGET / [32m200[0m 83.215 ms - 3866[0m
[0mGET /favicon.ico [32m200[0m 4.309 ms - 1826[0m
[0mGET /article/Express.js [32m200[0m 48.831 ms - 2918[0m
[0mGET /favicon.ico [36m304[0m 4.487 ms - -[0m
[0mGET /create [36m302[0m 3.225 ms - 56[0m
[0mGET /login [36m304[0m 7.066 ms - -[0m
[0mGET /favicon.ico [36m304[0m 3.010 ms - -[0m
[0mGET /all-articles [36m304[0m 80.822 ms - -[0m
[0mGET /favicon.ico [36m304[0m 3.756 ms - -[0m
[0mGET /article/Cascading%20Style%20Sheets%20(CSS) [32m200[0m 46.245 ms - 4035[0m
[0mGET /favicon.ico [36m304[0m 3.188 ms - -[0m
[0mGET /login [36m304[0m 3.684 ms - -[0m
[0mGET /favicon.ico [36m304[0m 4.224 ms - -[0m
[0mPOST /login [36m302[0m 343.976 ms - 46[0m
[0mGET / [32m200[0m 110.498 ms - 3972[0m
[0mGET /favicon.ico [32m200[0m 36.080 ms - 1872[0m
[0mGET /all-articles [32m200[0m 118.400 ms - 3383[0m
[0mGET /favicon.ico [36m304[0m 36.530 ms - -[0m
[0mGET /article/JavaScript [32m200[0m 104.497 ms - 4088[0m
[0mGET /favicon.ico [36m304[0m 37.195 ms - -[0m
[0mGET /create/60d7a4c10f354a56bc5e3850 [32m200[0m 84.217 ms - 4229[0m
[0mGET /favicon.ico [36m304[0m 38.075 ms - -[0m
[0mPOST /create [36m302[0m 88.938 ms - 46[0m
[0mGET / [32m200[0m 107.815 ms - 3979[0m
[0mGET /favicon.ico [36m304[0m 42.247 ms - -[0m
[0mGET /logout [36m302[0m 78.136 ms - 46[0m
[0mGET / [32m200[0m 71.836 ms - 3866[0m
[0mGET /favicon.ico [32m200[0m 3.258 ms - 1826[0m
[0mGET /create [36m302[0m 0.845 ms - 56[0m
[0mGET /login [32m200[0m 3.265 ms - 2494[0m
[0mGET /favicon.ico [36m304[0m 3.129 ms - -[0m
[0mPOST /login [36m302[0m 316.934 ms - 46[0m
[0mGET / [32m200[0m 106.451 ms - 3912[0m
[0mGET /favicon.ico [32m200[0m 37.118 ms - 1872[0m
[0mGET /create [32m200[0m 42.048 ms - 2710[0m
[0mGET /favicon.ico [36m304[0m 35.419 ms - -[0m
[0mPOST /create [0m-[0m - ms - -[0m
[0mPOST /create [0m-[0m - ms - -[0m
[0mPOST /create [32m200[0m 42.829 ms - 2800[0m
[0mGET /favicon.ico [36m304[0m 36.232 ms - -[0m
[0mPOST /create [32m200[0m 41.955 ms - 2785[0m
[0mGET /favicon.ico [36m304[0m 40.693 ms - -[0m
[0mPOST /create [32m200[0m 46.584 ms - 2818[0m
[0mGET /favicon.ico [36m304[0m 40.247 ms - -[0m
[0mPOST /create [36m302[0m 158.426 ms - 46[0m
[0mGET / [32m200[0m 110.323 ms - 3639[0m
[0mGET /favicon.ico [36m304[0m 35.325 ms - -[0m
[0mGET /article/Dfdfdf [32m200[0m 84.889 ms - 2611[0m
[0mGET /favicon.ico [36m304[0m 38.114 ms - -[0m
[0mGET /create/60d7ab4ec002d76f04c0b79e [32m200[0m 71.692 ms - 2756[0m
[0mGET /favicon.ico [36m304[0m 33.964 ms - -[0m
[0mPOST /create [36m302[0m 78.851 ms - 46[0m
[0mGET / [32m200[0m 102.015 ms - 3610[0m
[0mGET /favicon.ico [36m304[0m 33.425 ms - -[0m
[0mGET /article/Dfdfdfddddddddddddddddddd [32m200[0m 81.949 ms - 2649[0m
[0mGET /favicon.ico [36m304[0m 34.223 ms - -[0m
[0mGET /delete/60d7ab4ec002d76f04c0b79e [36m302[0m 108.814 ms - 46[0m
[0mGET / [32m200[0m 102.967 ms - 3980[0m
[0mGET /favicon.ico [36m304[0m 39.166 ms - -[0m
[0mGET /logout [36m302[0m 76.942 ms - 46[0m
[0mGET / [32m200[0m 73.972 ms - 3866[0m
[0mGET /favicon.ico [32m200[0m 2.502 ms - 1826[0m
[0mGET / [36m304[0m 111.654 ms - -[0m
[0mGET /favicon.ico [36m304[0m 5.442 ms - -[0m
